app/build/outputs/apk/manifest-merger-debug-report.txt
-- Merging decision tree log ---
manifest
ADDED from AndroidManifest.xml:2:1
	xmlns:android
		ADDED from AndroidManifest.xml:2:11
	package
		ADDED from AndroidManifest.xml:3:5
		INJECTED from AndroidManifest.xml:0:0
		INJECTED from AndroidManifest.xml:0:0
	android:versionName
		INJECTED from AndroidManifest.xml:0:0
		INJECTED from AndroidManifest.xml:0:0
	android:versionCode
		INJECTED from AndroidManifest.xml:0:0
		INJECTED from AndroidManifest.xml:0:0
uses-permission#android.permission.CAMERA
ADDED from AndroidManifest.xml:6:5
	android:name
		ADDED from AndroidManifest.xml:6:22
uses-feature#android.hardware.camera
ADDED from AndroidManifest.xml:7:5
	android:name
		ADDED from AndroidManifest.xml:7:19
uses-permission#android.permission.MOUNT_UNMOUNT_FILESYSTEMS
ADDED from AndroidManifest.xml:10:5
	android:name
		ADDED from AndroidManifest.xml:10:22
uses-permission#android.permission.BAIDU_LOCATION_SERVICE
ADDED from AndroidManifest.xml:11:5
	android:name
		ADDED from AndroidManifest.xml:11:22
uses-permission#android.permission.ACCESS_NETWORK_STATE
ADDED from AndroidManifest.xml:14:5
	android:name
		ADDED from AndroidManifest.xml:14:22
uses-permission#android.permission.ACCESS_COARSE_LOCATION
ADDED from AndroidManifest.xml:17:5
	android:name
		ADDED from AndroidManifest.xml:17:22
uses-permission#android.permission.INTERNET
ADDED from AndroidManifest.xml:20:5
	android:name
		ADDED from AndroidManifest.xml:20:22
uses-permission#android.permission.ACCES_MOCK_LOCATION
ADDED from AndroidManifest.xml:21:5
	android:name
		ADDED from AndroidManifest.xml:21:22
uses-permission#android.permission.ACCESS_FINE_LOCATION
ADDED from AndroidManifest.xml:24:5
	android:name
		ADDED from AndroidManifest.xml:24:22
uses-permission#com.android.launcher.permission.READ_SETTINGS
ADDED from AndroidManifest.xml:25:5
	android:name
		ADDED from AndroidManifest.xml:25:22
uses-permission#android.permission.WAKE_LOCK
ADDED from AndroidManifest.xml:26:5
	android:name
		ADDED from AndroidManifest.xml:26:22
uses-permission#android.permission.CHANGE_WIFI_STATE
ADDED from AndroidManifest.xml:29:5
	android:name
		ADDED from AndroidManifest.xml:29:22
uses-permission#android.permission.ACCESS_WIFI_STATE
ADDED from AndroidManifest.xml:32:5
	android:name
		ADDED from AndroidManifest.xml:32:22
uses-permission#android.permission.ACCESS_GPS
ADDED from AndroidManifest.xml:33:5
	android:name
		ADDED from AndroidManifest.xml:33:22
uses-permission#android.permission.GET_TASKS
ADDED from AndroidManifest.xml:35:5
	android:name
		ADDED from AndroidManifest.xml:35:22
uses-permission#android.permission.WRITE_EXTERNAL_STORAGE
ADDED from AndroidManifest.xml:38:5
	android:name
		ADDED from AndroidManifest.xml:38:22
uses-permission#android.permission.BROADCAST_STICKY
ADDED from AndroidManifest.xml:39:5
	android:name
		ADDED from AndroidManifest.xml:39:22
uses-permission#android.permission.WRITE_SETTINGS
ADDED from AndroidManifest.xml:40:5
	android:name
		ADDED from AndroidManifest.xml:40:22
uses-permission#android.permission.PROCESS_OUTGOING_CALLS
ADDED from AndroidManifest.xml:43:5
	android:name
		ADDED from AndroidManifest.xml:43:22
uses-permission#android.permission.READ_PHONE_STATE
ADDED from AndroidManifest.xml:44:5
	android:name
		ADDED from AndroidManifest.xml:44:22
uses-permission#android.permission.MODIFY_AUDIO_SETTINGS
ADDED from AndroidManifest.xml:45:5
	android:name
		ADDED from AndroidManifest.xml:45:22
uses-permission#android.permission.RECORD_AUDIO
ADDED from AndroidManifest.xml:46:5
	android:name
		ADDED from AndroidManifest.xml:46:22
application
ADDED from AndroidManifest.xml:51:5
MERGED from com.android.support:appcompat-v7:23.2.0:25:5
MERGED from com.android.support:support-v4:23.2.0:22:5
MERGED from com.android.support:animated-vector-drawable:23.2.0:7:5
MERGED from com.android.support:support-vector-drawable:23.2.0:7:5
MERGED from com.android.support:support-v4:23.2.0:22:5
MERGED from com.android.support:support-vector-drawable:23.2.0:7:5
MERGED from com.android.support:support-v4:23.2.0:22:5
MERGED from com.android.support:support-v4:23.2.0:22:5
MERGED from com.github.johnpersano:supertoasts:1.3.4:5:5
MERGED from HideSeek:Volley:unspecified:9:5
MERGED from HideSeek:PullToRefresh:unspecified:11:5
	android:label
		ADDED from AndroidManifest.xml:55:9
	android:allowBackup
		ADDED from AndroidManifest.xml:53:9
	android:icon
		ADDED from AndroidManifest.xml:54:9
	android:theme
		ADDED from AndroidManifest.xml:56:9
	android:name
		ADDED from AndroidManifest.xml:52:9
meta-data#com.amap.api.v2.apikey
ADDED from AndroidManifest.xml:58:9
	android:name
		ADDED from AndroidManifest.xml:59:13
	android:value
		ADDED from AndroidManifest.xml:60:13
activity#dlmj.hideseek.UI.Activity.SplashActivity
ADDED from AndroidManifest.xml:62:9
	android:label
		ADDED from AndroidManifest.xml:64:13
	android:name
		ADDED from AndroidManifest.xml:63:13
intent-filter#android.intent.action.MAIN+android.intent.category.LAUNCHER
ADDED from AndroidManifest.xml:65:13
action#android.intent.action.MAIN
ADDED from AndroidManifest.xml:66:17
	android:name
		ADDED from AndroidManifest.xml:66:25
category#android.intent.category.LAUNCHER
ADDED from AndroidManifest.xml:68:17
	android:name
		ADDED from AndroidManifest.xml:68:27
activity#dlmj.hideseek.UI.Activity.IntroduceActivity
ADDED from AndroidManifest.xml:72:9
	android:configChanges
		ADDED from AndroidManifest.xml:74:13
	android:name
		ADDED from AndroidManifest.xml:73:13
activity#dlmj.hideseek.UI.Activity.BaiduGuideActivity
ADDED from AndroidManifest.xml:77:9
	android:configChanges
		ADDED from AndroidManifest.xml:79:13
	android:name
		ADDED from AndroidManifest.xml:78:13
activity#dlmj.hideseek.UI.Activity.SettingActivity
ADDED from AndroidManifest.xml:82:9
	android:configChanges
		ADDED from AndroidManifest.xml:84:13
	android:name
		ADDED from AndroidManifest.xml:83:13
activity#dlmj.hideseek.UI.Activity.MyProfileActivity
ADDED from AndroidManifest.xml:87:9
	android:configChanges
		ADDED from AndroidManifest.xml:89:13
	android:name
		ADDED from AndroidManifest.xml:88:13
activity#dlmj.hideseek.UI.Activity.UploadPhotoActivity
ADDED from AndroidManifest.xml:92:9
	android:configChanges
		ADDED from AndroidManifest.xml:94:13
	android:name
		ADDED from AndroidManifest.xml:93:13
activity#dlmj.hideseek.UI.Activity.RegionActivity
ADDED from AndroidManifest.xml:97:9
	android:configChanges
		ADDED from AndroidManifest.xml:99:13
	android:name
		ADDED from AndroidManifest.xml:98:13
activity#dlmj.hideseek.UI.Activity.MatchRoleActivity
ADDED from AndroidManifest.xml:102:9
	android:configChanges
		ADDED from AndroidManifest.xml:104:13
	android:name
		ADDED from AndroidManifest.xml:103:13
activity#dlmj.hideseek.UI.Activity.NavigationActivity
ADDED from AndroidManifest.xml:107:9
	android:configChanges
		ADDED from AndroidManifest.xml:109:13
	android:name
		ADDED from AndroidManifest.xml:108:13
activity#dlmj.hideseek.UI.Activity.MapActivity
ADDED from AndroidManifest.xml:112:9
	android:configChanges
		ADDED from AndroidManifest.xml:115:13
	android:theme
		ADDED from AndroidManifest.xml:114:13
	android:name
		ADDED from AndroidManifest.xml:113:13
activity#dlmj.hideseek.UI.Activity.FriendActivity
ADDED from AndroidManifest.xml:118:9
	android:configChanges
		ADDED from AndroidManifest.xml:120:13
	android:name
		ADDED from AndroidManifest.xml:119:13
service#com.baidu.location.f
ADDED from AndroidManifest.xml:123:9
	android:process
		ADDED from AndroidManifest.xml:126:13
	android:enabled
		ADDED from AndroidManifest.xml:125:13
	android:name
		ADDED from AndroidManifest.xml:124:13
service#com.amap.api.location.APSService
ADDED from AndroidManifest.xml:128:9
	android:name
		ADDED from AndroidManifest.xml:128:18
uses-sdk
INJECTED from AndroidManifest.xml:0:0 reason: use-sdk injection requested
MERGED from com.android.support:appcompat-v7:23.2.0:21:5
MERGED from com.android.support:support-v4:23.2.0:20:5
MERGED from com.android.support:animated-vector-drawable:23.2.0:5:5
MERGED from com.android.support:support-vector-drawable:23.2.0:5:5
MERGED from com.android.support:support-v4:23.2.0:20:5
MERGED from com.android.support:support-vector-drawable:23.2.0:5:5
MERGED from com.android.support:support-v4:23.2.0:20:5
MERGED from com.android.support:support-v4:23.2.0:20:5
MERGED from com.github.johnpersano:supertoasts:1.3.4:3:5
MERGED from HideSeek:Volley:unspecified:7:5
MERGED from HideSeek:PullToRefresh:unspecified:7:5
	android:targetSdkVersion
		INJECTED from AndroidManifest.xml:0:0
		INJECTED from AndroidManifest.xml:0:0
	android:minSdkVersion
		INJECTED from AndroidManifest.xml:0:0
		INJECTED from AndroidManifest.xml:0:0
	tools:overrideLibrary
		ADDED from com.android.support:appcompat-v7:23.2.0:23:9